# JRE version: OpenJDK Runtime Environment Microsoft-8035246 (17.0.8+7) (build 17.0.8+7-LTS)
# Java VM: OpenJDK 64-Bit Server VM Microsoft-8035246 (17.0.8+7-LTS, mixed mode, sharing, tiered, compressed oops, compressed class ptrs, g1 gc, windows-amd64)
GC Precious Log:
 CPUs: 12 total, 12 available
 Memory: 16333M
 Large Page Support: Disabled
 NUMA Support: Disabled
 Compressed Oops: Enabled (32-bit)
 Heap Region Size: 1M
 Heap Min Capacity: 8M
 Heap Initial Capacity: 256M
 Heap Max Capacity: 2G
 Pre-touch: Disabled
 Parallel Workers: 10
 Concurrent Workers: 3
 Concurrent Refinement Workers: 10
 Periodic GC: Disabled
Heap:
 garbage-first heap   total 262144K, used 192105K [0x0000000080000000, 0x0000000100000000)
  region size 1024K, 12 young (12288K), 3 survivors (3072K)
 Metaspace       used 114275K, committed 115264K, reserved 557056K
  class space    used 15860K, committed 16320K, reserved 425984K
GC Heap History (20 events):
Event: 18.294 GC heap before
{Heap before GC invocations=46 (full 0):
 garbage-first heap   total 204800K, used 126453K [0x0000000080000000, 0x0000000100000000)
  region size 1024K, 10 young (10240K), 1 survivors (1024K)
 Metaspace       used 100296K, committed 101120K, reserved 557056K
  class space    used 13948K, committed 14336K, reserved 425984K
}
Event: 18.297 GC heap after
{Heap after GC invocations=47 (full 0):
 garbage-first heap   total 204800K, used 117467K [0x0000000080000000, 0x0000000100000000)
  region size 1024K, 2 young (2048K), 2 survivors (2048K)
 Metaspace       used 100296K, committed 101120K, reserved 557056K
  class space    used 13948K, committed 14336K, reserved 425984K
}
Event: 18.672 GC heap before
{Heap before GC invocations=47 (full 0):
 garbage-first heap   total 204800K, used 167643K [0x0000000080000000, 0x0000000100000000)
  region size 1024K, 51 young (52224K), 2 survivors (2048K)
 Metaspace       used 101665K, committed 102464K, reserved 557056K
  class space    used 14165K, committed 14528K, reserved 425984K
}
Event: 18.676 GC heap after
{Heap after GC invocations=48 (full 0):
 garbage-first heap   total 262144K, used 122948K [0x0000000080000000, 0x0000000100000000)
  region size 1024K, 7 young (7168K), 7 survivors (7168K)
 Metaspace       used 101665K, committed 102464K, reserved 557056K
  class space    used 14165K, committed 14528K, reserved 425984K
}
Event: 19.338 GC heap before
{Heap before GC invocations=48 (full 0):
 garbage-first heap   total 262144K, used 211012K [0x0000000080000000, 0x0000000100000000)
  region size 1024K, 93 young (95232K), 7 survivors (7168K)
 Metaspace       used 104414K, committed 105344K, reserved 557056K
  class space    used 14545K, committed 14976K, reserved 425984K
}
Event: 19.345 GC heap after
{Heap after GC invocations=49 (full 0):
 garbage-first heap   total 262144K, used 133466K [0x0000000080000000, 0x0000000100000000)
  region size 1024K, 12 young (12288K), 12 survivors (12288K)
 Metaspace       used 104414K, committed 105344K, reserved 557056K
  class space    used 14545K, committed 14976K, reserved 425984K
}
Event: 20.184 GC heap before
{Heap before GC invocations=49 (full 0):
 garbage-first heap   total 262144K, used 213338K [0x0000000080000000, 0x0000000100000000)
  region size 1024K, 88 young (90112K), 12 survivors (12288K)
 Metaspace       used 106635K, committed 107584K, reserved 557056K
  class space    used 14788K, committed 15232K, reserved 425984K
}
Event: 20.192 GC heap after
{Heap after GC invocations=50 (full 0):
 garbage-first heap   total 262144K, used 147184K [0x0000000080000000, 0x0000000100000000)
  region size 1024K, 11 young (11264K), 11 survivors (11264K)
 Metaspace       used 106635K, committed 107584K, reserved 557056K
  class space    used 14788K, committed 15232K, reserved 425984K
}
Event: 20.898 GC heap before
{Heap before GC invocations=50 (full 0):
 garbage-first heap   total 262144K, used 211696K [0x0000000080000000, 0x0000000100000000)
  region size 1024K, 74 young (75776K), 11 survivors (11264K)
 Metaspace       used 109414K, committed 110336K, reserved 557056K
  class space    used 15214K, committed 15680K, reserved 425984K
}
Event: 20.905 GC heap after
{Heap after GC invocations=51 (full 0):
 garbage-first heap   total 262144K, used 158302K [0x0000000080000000, 0x0000000100000000)
  region size 1024K, 10 young (10240K), 10 survivors (10240K)
 Metaspace       used 109414K, committed 110336K, reserved 557056K
  class space    used 15214K, committed 15680K, reserved 425984K
}
Event: 21.657 GC heap before
{Heap before GC invocations=51 (full 0):
 garbage-first heap   total 262144K, used 213598K [0x0000000080000000, 0x0000000100000000)
  region size 1024K, 64 young (65536K), 10 survivors (10240K)
 Metaspace       used 112575K, committed 113472K, reserved 557056K
  class space    used 15578K, committed 16000K, reserved 425984K
}
Event: 21.665 GC heap after
{Heap after GC invocations=52 (full 0):
 garbage-first heap   total 262144K, used 164857K [0x0000000080000000, 0x0000000100000000)
  region size 1024K, 7 young (7168K), 7 survivors (7168K)
 Metaspace       used 112575K, committed 113472K, reserved 557056K
  class space    used 15578K, committed 16000K, reserved 425984K
}
Event: 22.110 GC heap before
{Heap before GC invocations=52 (full 0):
 garbage-first heap   total 262144K, used 215033K [0x0000000080000000, 0x0000000100000000)
  region size 1024K, 57 young (58368K), 7 survivors (7168K)
 Metaspace       used 113635K, committed 114560K, reserved 557056K
  class space    used 15807K, committed 16256K, reserved 425984K
}
Event: 22.118 GC heap after
{Heap after GC invocations=53 (full 0):
 garbage-first heap   total 262144K, used 170712K [0x0000000080000000, 0x0000000100000000)
  region size 1024K, 6 young (6144K), 6 survivors (6144K)
 Metaspace       used 113635K, committed 114560K, reserved 557056K
  class space    used 15807K, committed 16256K, reserved 425984K
}
Event: 22.451 GC heap before
{Heap before GC invocations=53 (full 0):
 garbage-first heap   total 262144K, used 217816K [0x0000000080000000, 0x0000000100000000)
  region size 1024K, 53 young (54272K), 6 survivors (6144K)
 Metaspace       used 114171K, committed 115136K, reserved 557056K
  class space    used 15859K, committed 16320K, reserved 425984K
}
Event: 22.456 GC heap after
{Heap after GC invocations=54 (full 0):
 garbage-first heap   total 262144K, used 173846K [0x0000000080000000, 0x0000000100000000)
  region size 1024K, 4 young (4096K), 4 survivors (4096K)
 Metaspace       used 114171K, committed 115136K, reserved 557056K
  class space    used 15859K, committed 16320K, reserved 425984K
}
Event: 22.640 GC heap before
{Heap before GC invocations=54 (full 0):
 garbage-first heap   total 262144K, used 218902K [0x0000000080000000, 0x0000000100000000)
  region size 1024K, 49 young (50176K), 4 survivors (4096K)
 Metaspace       used 114245K, committed 115264K, reserved 557056K
  class space    used 15860K, committed 16320K, reserved 425984K
}
Event: 22.644 GC heap after
{Heap after GC invocations=55 (full 0):
 garbage-first heap   total 262144K, used 177515K [0x0000000080000000, 0x0000000100000000)
  region size 1024K, 7 young (7168K), 7 survivors (7168K)
 Metaspace       used 114245K, committed 115264K, reserved 557056K
  class space    used 15860K, committed 16320K, reserved 425984K
}
Event: 23.061 GC heap before
{Heap before GC invocations=55 (full 0):
 garbage-first heap   total 262144K, used 221547K [0x0000000080000000, 0x0000000100000000)
  region size 1024K, 50 young (51200K), 7 survivors (7168K)
 Metaspace       used 114261K, committed 115264K, reserved 557056K
  class space    used 15860K, committed 16320K, reserved 425984K
}
Event: 23.065 GC heap after
{Heap after GC invocations=56 (full 0):
 garbage-first heap   total 262144K, used 179817K [0x0000000080000000, 0x0000000100000000)
  region size 1024K, 3 young (3072K), 3 survivors (3072K)
 Metaspace       used 114261K, committed 115264K, reserved 557056K
  class space    used 15860K, committed 16320K, reserved 425984K
}

