# JRE version: OpenJDK Runtime Environment Microsoft-8035246 (17.0.8+7) (build 17.0.8+7-LTS)
# Java VM: OpenJDK 64-Bit Server VM Microsoft-8035246 (17.0.8+7-LTS, mixed mode, sharing, tiered, compressed oops, compressed class ptrs, g1 gc, windows-amd64)
GC Precious Log:
 CPUs: 12 total, 12 available
 Memory: 16333M
 Large Page Support: Disabled
 NUMA Support: Disabled
 Compressed Oops: Enabled (32-bit)
 Heap Region Size: 1M
 Heap Min Capacity: 8M
 Heap Initial Capacity: 256M
 Heap Max Capacity: 2G
 Pre-touch: Disabled
 Parallel Workers: 10
 Concurrent Workers: 3
 Concurrent Refinement Workers: 10
 Periodic GC: Disabled
Heap:
 garbage-first heap   total 315392K, used 181387K [0x0000000080000000, 0x0000000100000000)
  region size 1024K, 18 young (18432K), 8 survivors (8192K)
 Metaspace       used 101162K, committed 102144K, reserved 557056K
  class space    used 14238K, committed 14720K, reserved 425984K
GC Heap History (20 events):
Event: 17.060 GC heap before
{Heap before GC invocations=47 (full 0):
 garbage-first heap   total 157696K, used 123402K [0x0000000080000000, 0x0000000100000000)
  region size 1024K, 37 young (37888K), 3 survivors (3072K)
 Metaspace       used 78417K, committed 79104K, reserved 557056K
  class space    used 10945K, committed 11264K, reserved 425984K
}
Event: 17.063 GC heap after
{Heap after GC invocations=48 (full 0):
 garbage-first heap   total 157696K, used 90878K [0x0000000080000000, 0x0000000100000000)
  region size 1024K, 5 young (5120K), 5 survivors (5120K)
 Metaspace       used 78417K, committed 79104K, reserved 557056K
  class space    used 10945K, committed 11264K, reserved 425984K
}
Event: 17.079 GC heap before
{Heap before GC invocations=48 (full 0):
 garbage-first heap   total 157696K, used 92926K [0x0000000080000000, 0x0000000100000000)
  region size 1024K, 7 young (7168K), 5 survivors (5120K)
 Metaspace       used 78538K, committed 79232K, reserved 557056K
  class space    used 10967K, committed 11264K, reserved 425984K
}
Event: 17.082 GC heap after
{Heap after GC invocations=49 (full 0):
 garbage-first heap   total 157696K, used 91107K [0x0000000080000000, 0x0000000100000000)
  region size 1024K, 1 young (1024K), 1 survivors (1024K)
 Metaspace       used 78538K, committed 79232K, reserved 557056K
  class space    used 10967K, committed 11264K, reserved 425984K
}
Event: 17.401 GC heap before
{Heap before GC invocations=49 (full 0):
 garbage-first heap   total 157696K, used 126947K [0x0000000080000000, 0x0000000100000000)
  region size 1024K, 36 young (36864K), 1 survivors (1024K)
 Metaspace       used 80795K, committed 81536K, reserved 557056K
  class space    used 11323K, committed 11648K, reserved 425984K
}
Event: 17.404 GC heap after
{Heap after GC invocations=50 (full 0):
 garbage-first heap   total 315392K, used 91660K [0x0000000080000000, 0x0000000100000000)
  region size 1024K, 2 young (2048K), 2 survivors (2048K)
 Metaspace       used 80795K, committed 81536K, reserved 557056K
  class space    used 11323K, committed 11648K, reserved 425984K
}
Event: 18.664 GC heap before
{Heap before GC invocations=50 (full 0):
 garbage-first heap   total 315392K, used 232972K [0x0000000080000000, 0x0000000100000000)
  region size 1024K, 136 young (139264K), 2 survivors (2048K)
 Metaspace       used 86778K, committed 87616K, reserved 557056K
  class space    used 12275K, committed 12672K, reserved 425984K
}
Event: 18.672 GC heap after
{Heap after GC invocations=51 (full 0):
 garbage-first heap   total 315392K, used 109703K [0x0000000080000000, 0x0000000100000000)
  region size 1024K, 15 young (15360K), 15 survivors (15360K)
 Metaspace       used 86778K, committed 87616K, reserved 557056K
  class space    used 12275K, committed 12672K, reserved 425984K
}
Event: 19.564 GC heap before
{Heap before GC invocations=51 (full 0):
 garbage-first heap   total 315392K, used 236679K [0x0000000080000000, 0x0000000100000000)
  region size 1024K, 139 young (142336K), 15 survivors (15360K)
 Metaspace       used 90572K, committed 91392K, reserved 557056K
  class space    used 12823K, committed 13184K, reserved 425984K
}
Event: 19.579 GC heap after
{Heap after GC invocations=52 (full 0):
 garbage-first heap   total 315392K, used 125682K [0x0000000080000000, 0x0000000100000000)
  region size 1024K, 16 young (16384K), 16 survivors (16384K)
 Metaspace       used 90572K, committed 91392K, reserved 557056K
  class space    used 12823K, committed 13184K, reserved 425984K
}
Event: 20.960 GC heap before
{Heap before GC invocations=52 (full 0):
 garbage-first heap   total 315392K, used 243442K [0x0000000080000000, 0x0000000100000000)
  region size 1024K, 128 young (131072K), 16 survivors (16384K)
 Metaspace       used 93690K, committed 94528K, reserved 557056K
  class space    used 13188K, committed 13568K, reserved 425984K
}
Event: 20.973 GC heap after
{Heap after GC invocations=53 (full 0):
 garbage-first heap   total 315392K, used 146432K [0x0000000080000000, 0x0000000100000000)
  region size 1024K, 16 young (16384K), 16 survivors (16384K)
 Metaspace       used 93690K, committed 94528K, reserved 557056K
  class space    used 13188K, committed 13568K, reserved 425984K
}
Event: 22.279 GC heap before
{Heap before GC invocations=54 (full 0):
 garbage-first heap   total 315392K, used 243712K [0x0000000080000000, 0x0000000100000000)
  region size 1024K, 111 young (113664K), 16 survivors (16384K)
 Metaspace       used 99333K, committed 100352K, reserved 557056K
  class space    used 13950K, committed 14400K, reserved 425984K
}
Event: 22.290 GC heap after
{Heap after GC invocations=55 (full 0):
 garbage-first heap   total 315392K, used 157696K [0x0000000080000000, 0x0000000100000000)
  region size 1024K, 10 young (10240K), 10 survivors (10240K)
 Metaspace       used 99333K, committed 100352K, reserved 557056K
  class space    used 13950K, committed 14400K, reserved 425984K
}
Event: 22.339 GC heap before
{Heap before GC invocations=55 (full 0):
 garbage-first heap   total 315392K, used 162816K [0x0000000080000000, 0x0000000100000000)
  region size 1024K, 15 young (15360K), 10 survivors (10240K)
 Metaspace       used 99404K, committed 100352K, reserved 557056K
  class space    used 13955K, committed 14400K, reserved 425984K
}
Event: 22.345 GC heap after
{Heap after GC invocations=56 (full 0):
 garbage-first heap   total 315392K, used 159263K [0x0000000080000000, 0x0000000100000000)
  region size 1024K, 2 young (2048K), 2 survivors (2048K)
 Metaspace       used 99404K, committed 100352K, reserved 557056K
  class space    used 13955K, committed 14400K, reserved 425984K
}
Event: 23.306 GC heap before
{Heap before GC invocations=56 (full 0):
 garbage-first heap   total 315392K, used 247327K [0x0000000080000000, 0x0000000100000000)
  region size 1024K, 89 young (91136K), 2 survivors (2048K)
 Metaspace       used 100800K, committed 101760K, reserved 557056K
  class space    used 14184K, committed 14656K, reserved 425984K
}
Event: 23.312 GC heap after
{Heap after GC invocations=57 (full 0):
 garbage-first heap   total 315392K, used 164471K [0x0000000080000000, 0x0000000100000000)
  region size 1024K, 7 young (7168K), 7 survivors (7168K)
 Metaspace       used 100800K, committed 101760K, reserved 557056K
  class space    used 14184K, committed 14656K, reserved 425984K
}
Event: 24.216 GC heap before
{Heap before GC invocations=57 (full 0):
 garbage-first heap   total 315392K, used 251511K [0x0000000080000000, 0x0000000100000000)
  region size 1024K, 93 young (95232K), 7 survivors (7168K)
 Metaspace       used 101153K, committed 102144K, reserved 557056K
  class space    used 14238K, committed 14720K, reserved 425984K
}
Event: 24.224 GC heap after
{Heap after GC invocations=58 (full 0):
 garbage-first heap   total 315392K, used 172171K [0x0000000080000000, 0x0000000100000000)
  region size 1024K, 8 young (8192K), 8 survivors (8192K)
 Metaspace       used 101153K, committed 102144K, reserved 557056K
  class space    used 14238K, committed 14720K, reserved 425984K
}

